0 info it worked if it ends with ok
1 verbose cli [ 'node', '/usr/bin/npm', 'install' ]
2 info using npm@1.3.6
3 info using node@v0.10.33
4 verbose readDependencies using package.json deps
5 verbose install where, deps [ '/home/caleb/Documents/taxi-analysis/cabbie_stats',
5 verbose install   [ 'bootstrap',
5 verbose install     'coffee',
5 verbose install     'coffee-react',
5 verbose install     'jquery',
5 verbose install     'react',
5 verbose install     'require',
5 verbose install     'require-cs',
5 verbose install     'text',
5 verbose install     'crypto' ] ]
6 info preinstall cabbie_stats@1.0.0
7 verbose readDependencies using package.json deps
8 verbose already installed skipping jquery@^2.1.4 /home/caleb/Documents/taxi-analysis/cabbie_stats
9 verbose already installed skipping react@^0.13.3 /home/caleb/Documents/taxi-analysis/cabbie_stats
10 verbose already installed skipping require@^2.4.18 /home/caleb/Documents/taxi-analysis/cabbie_stats
11 verbose already installed skipping require-cs@^0.5.4 /home/caleb/Documents/taxi-analysis/cabbie_stats
12 verbose cache add [ 'text@git://github.com/requirejs/text.git', null ]
13 verbose cache add name=undefined spec="text@git://github.com/requirejs/text.git" args=["text@git://github.com/requirejs/text.git",null]
14 verbose parsed url { protocol: null,
14 verbose parsed url   slashes: null,
14 verbose parsed url   auth: null,
14 verbose parsed url   host: null,
14 verbose parsed url   port: null,
14 verbose parsed url   hostname: null,
14 verbose parsed url   hash: null,
14 verbose parsed url   search: null,
14 verbose parsed url   query: null,
14 verbose parsed url   pathname: 'text@git://github.com/requirejs/text.git',
14 verbose parsed url   path: 'text@git://github.com/requirejs/text.git',
14 verbose parsed url   href: 'text@git://github.com/requirejs/text.git' }
15 verbose cache add name="text" spec="git://github.com/requirejs/text.git" args=["text","git://github.com/requirejs/text.git"]
16 verbose parsed url { protocol: 'git:',
16 verbose parsed url   slashes: true,
16 verbose parsed url   auth: null,
16 verbose parsed url   host: 'github.com',
16 verbose parsed url   port: null,
16 verbose parsed url   hostname: 'github.com',
16 verbose parsed url   hash: null,
16 verbose parsed url   search: null,
16 verbose parsed url   query: null,
16 verbose parsed url   pathname: '/requirejs/text.git',
16 verbose parsed url   path: '/requirejs/text.git',
16 verbose parsed url   href: 'git://github.com/requirejs/text.git' }
17 verbose cache add [ 'crypto@^0.0.3', null ]
18 verbose cache add name=undefined spec="crypto@^0.0.3" args=["crypto@^0.0.3",null]
19 verbose parsed url { protocol: null,
19 verbose parsed url   slashes: null,
19 verbose parsed url   auth: null,
19 verbose parsed url   host: null,
19 verbose parsed url   port: null,
19 verbose parsed url   hostname: null,
19 verbose parsed url   hash: null,
19 verbose parsed url   search: null,
19 verbose parsed url   query: null,
19 verbose parsed url   pathname: 'crypto@^0.0.3',
19 verbose parsed url   path: 'crypto@^0.0.3',
19 verbose parsed url   href: 'crypto@^0.0.3' }
20 verbose cache add name="crypto" spec="^0.0.3" args=["crypto","^0.0.3"]
21 verbose parsed url { protocol: null,
21 verbose parsed url   slashes: null,
21 verbose parsed url   auth: null,
21 verbose parsed url   host: null,
21 verbose parsed url   port: null,
21 verbose parsed url   hostname: null,
21 verbose parsed url   hash: null,
21 verbose parsed url   search: null,
21 verbose parsed url   query: null,
21 verbose parsed url   pathname: '^0.0.3',
21 verbose parsed url   path: '^0.0.3',
21 verbose parsed url   href: '^0.0.3' }
22 verbose addNamed [ 'crypto', '^0.0.3' ]
23 verbose addNamed [ null, '=0.0.3' ]
24 silly lockFile a4388600-it-github-com-requirejs-text-git git://github.com/requirejs/text.git
25 verbose lock git://github.com/requirejs/text.git /home/caleb/.npm/a4388600-it-github-com-requirejs-text-git.lock
26 silly lockFile 67841cdc-crypto-0-0-3 crypto@^0.0.3
27 verbose lock crypto@^0.0.3 /home/caleb/.npm/67841cdc-crypto-0-0-3.lock
28 verbose addRemoteGit [ 'git://github.com/requirejs/text.git', 'master' ]
29 silly addNameRange { name: 'crypto', range: '=0.0.3', hasData: false }
30 verbose url raw crypto
31 verbose url resolving [ 'https://registry.npmjs.org/', './crypto' ]
32 verbose url resolved https://registry.npmjs.org/crypto
33 info trying registry request attempt 1 at 18:03:58
34 verbose etag "CCOQ2QFVUTRM8EEKYY4MGN76I"
35 http GET https://registry.npmjs.org/crypto
36 verbose already installed skipping bootstrap@^3.3.4 /home/caleb/Documents/taxi-analysis/cabbie_stats
37 verbose already installed skipping coffee@^1.0.0 /home/caleb/Documents/taxi-analysis/cabbie_stats
38 verbose already installed skipping coffee-react@^3.2.0 /home/caleb/Documents/taxi-analysis/cabbie_stats
39 verbose git remote.origin.url git://github.com/requirejs/text.git
40 verbose git fetch -a origin (git://github.com/requirejs/text.git)
41 verbose git rev-list -n1 master 26643989f5eab8df1f18c37f04a693036b941871
42 verbose resolved git url git://github.com/requirejs/text.git#26643989f5eab8df1f18c37f04a693036b941871
43 verbose tar unpack /home/caleb/tmp/npm-27722-qWpDrVjI/1431381838574-0.7595098842866719/tmp.tgz
44 silly lockFile d1c8b111-38574-0-7595098842866719-package tar:///home/caleb/tmp/npm-27722-qWpDrVjI/1431381838574-0.7595098842866719/package
45 verbose lock tar:///home/caleb/tmp/npm-27722-qWpDrVjI/1431381838574-0.7595098842866719/package /home/caleb/.npm/d1c8b111-38574-0-7595098842866719-package.lock
46 silly lockFile 2f779b77-38574-0-7595098842866719-tmp-tgz tar:///home/caleb/tmp/npm-27722-qWpDrVjI/1431381838574-0.7595098842866719/tmp.tgz
47 verbose lock tar:///home/caleb/tmp/npm-27722-qWpDrVjI/1431381838574-0.7595098842866719/tmp.tgz /home/caleb/.npm/2f779b77-38574-0-7595098842866719-tmp-tgz.lock
48 silly gunzTarPerm modes [ '755', '644' ]
49 silly gunzTarPerm extractEntry
50 silly gunzTarPerm modified mode [ '', 509, 493 ]
51 silly gunzTarPerm extractEntry LICENSE
52 silly gunzTarPerm modified mode [ 'LICENSE', 436, 420 ]
53 silly gunzTarPerm extractEntry README.md
54 silly gunzTarPerm modified mode [ 'README.md', 436, 420 ]
55 silly gunzTarPerm extractEntry bower.json
56 silly gunzTarPerm modified mode [ 'bower.json', 436, 420 ]
57 silly gunzTarPerm extractEntry package.json
58 silly gunzTarPerm modified mode [ 'package.json', 436, 420 ]
59 silly gunzTarPerm extractEntry text.js
60 silly gunzTarPerm modified mode [ 'text.js', 436, 420 ]
61 http 304 https://registry.npmjs.org/crypto
62 silly registry.get cb [ 304,
62 silly registry.get   { date: 'Mon, 11 May 2015 22:03:58 GMT',
62 silly registry.get     via: '1.1 varnish',
62 silly registry.get     'cache-control': 'max-age=60',
62 silly registry.get     etag: '"CCOQ2QFVUTRM8EEKYY4MGN76I"',
62 silly registry.get     age: '22',
62 silly registry.get     connection: 'keep-alive',
62 silly registry.get     'x-served-by': 'cache-jfk1034-JFK',
62 silly registry.get     'x-cache': 'HIT',
62 silly registry.get     'x-cache-hits': '1',
62 silly registry.get     'x-timer': 'S1431381838.588817,VS0,VE0',
62 silly registry.get     vary: 'Accept' } ]
63 verbose etag crypto from cache
64 silly addNameRange number 2 { name: 'crypto', range: '=0.0.3', hasData: true }
65 silly addNameRange versions [ 'crypto', [ '0.0.1', '0.0.3' ] ]
66 verbose addNamed [ 'crypto', '0.0.3' ]
67 verbose addNamed [ '0.0.3', '0.0.3' ]
68 silly lockFile 4d0ed277-crypto-0-0-3 crypto@0.0.3
69 verbose lock crypto@0.0.3 /home/caleb/.npm/4d0ed277-crypto-0-0-3.lock
70 silly lockFile 4d0ed277-crypto-0-0-3 crypto@0.0.3
71 silly lockFile 4d0ed277-crypto-0-0-3 crypto@0.0.3
72 silly lockFile 67841cdc-crypto-0-0-3 crypto@^0.0.3
73 silly lockFile 67841cdc-crypto-0-0-3 crypto@^0.0.3
74 silly lockFile d1c8b111-38574-0-7595098842866719-package tar:///home/caleb/tmp/npm-27722-qWpDrVjI/1431381838574-0.7595098842866719/package
75 silly lockFile d1c8b111-38574-0-7595098842866719-package tar:///home/caleb/tmp/npm-27722-qWpDrVjI/1431381838574-0.7595098842866719/package
76 silly lockFile 2f779b77-38574-0-7595098842866719-tmp-tgz tar:///home/caleb/tmp/npm-27722-qWpDrVjI/1431381838574-0.7595098842866719/tmp.tgz
77 silly lockFile 2f779b77-38574-0-7595098842866719-tmp-tgz tar:///home/caleb/tmp/npm-27722-qWpDrVjI/1431381838574-0.7595098842866719/tmp.tgz
78 verbose tar pack [ '/home/caleb/.npm/text/2.0.14/package.tgz',
78 verbose tar pack   '/home/caleb/tmp/npm-27722-qWpDrVjI/1431381838574-0.7595098842866719/package' ]
79 verbose tarball /home/caleb/.npm/text/2.0.14/package.tgz
80 verbose folder /home/caleb/tmp/npm-27722-qWpDrVjI/1431381838574-0.7595098842866719/package
81 silly lockFile d1c8b111-38574-0-7595098842866719-package tar:///home/caleb/tmp/npm-27722-qWpDrVjI/1431381838574-0.7595098842866719/package
82 verbose lock tar:///home/caleb/tmp/npm-27722-qWpDrVjI/1431381838574-0.7595098842866719/package /home/caleb/.npm/d1c8b111-38574-0-7595098842866719-package.lock
83 silly lockFile 56af7e43-aleb-npm-text-2-0-14-package-tgz tar:///home/caleb/.npm/text/2.0.14/package.tgz
84 verbose lock tar:///home/caleb/.npm/text/2.0.14/package.tgz /home/caleb/.npm/56af7e43-aleb-npm-text-2-0-14-package-tgz.lock
85 silly lockFile d1c8b111-38574-0-7595098842866719-package tar:///home/caleb/tmp/npm-27722-qWpDrVjI/1431381838574-0.7595098842866719/package
86 silly lockFile d1c8b111-38574-0-7595098842866719-package tar:///home/caleb/tmp/npm-27722-qWpDrVjI/1431381838574-0.7595098842866719/package
87 silly lockFile 56af7e43-aleb-npm-text-2-0-14-package-tgz tar:///home/caleb/.npm/text/2.0.14/package.tgz
88 silly lockFile 56af7e43-aleb-npm-text-2-0-14-package-tgz tar:///home/caleb/.npm/text/2.0.14/package.tgz
89 silly lockFile f22b8c01-me-caleb-npm-text-2-0-14-package /home/caleb/.npm/text/2.0.14/package
90 verbose lock /home/caleb/.npm/text/2.0.14/package /home/caleb/.npm/f22b8c01-me-caleb-npm-text-2-0-14-package.lock
91 silly lockFile f22b8c01-me-caleb-npm-text-2-0-14-package /home/caleb/.npm/text/2.0.14/package
92 silly lockFile f22b8c01-me-caleb-npm-text-2-0-14-package /home/caleb/.npm/text/2.0.14/package
93 verbose tar unpack /home/caleb/.npm/text/2.0.14/package.tgz
94 silly lockFile fbd27cf7-me-caleb-npm-text-2-0-14-package tar:///home/caleb/.npm/text/2.0.14/package
95 verbose lock tar:///home/caleb/.npm/text/2.0.14/package /home/caleb/.npm/fbd27cf7-me-caleb-npm-text-2-0-14-package.lock
96 silly lockFile 56af7e43-aleb-npm-text-2-0-14-package-tgz tar:///home/caleb/.npm/text/2.0.14/package.tgz
97 verbose lock tar:///home/caleb/.npm/text/2.0.14/package.tgz /home/caleb/.npm/56af7e43-aleb-npm-text-2-0-14-package-tgz.lock
98 silly gunzTarPerm modes [ '755', '644' ]
99 silly gunzTarPerm extractEntry package.json
100 silly gunzTarPerm extractEntry README.md
101 silly gunzTarPerm extractEntry LICENSE
102 silly gunzTarPerm extractEntry text.js
103 silly gunzTarPerm extractEntry bower.json
104 silly lockFile fbd27cf7-me-caleb-npm-text-2-0-14-package tar:///home/caleb/.npm/text/2.0.14/package
105 silly lockFile fbd27cf7-me-caleb-npm-text-2-0-14-package tar:///home/caleb/.npm/text/2.0.14/package
106 silly lockFile 56af7e43-aleb-npm-text-2-0-14-package-tgz tar:///home/caleb/.npm/text/2.0.14/package.tgz
107 silly lockFile 56af7e43-aleb-npm-text-2-0-14-package-tgz tar:///home/caleb/.npm/text/2.0.14/package.tgz
108 verbose chmod /home/caleb/.npm/text/2.0.14/package.tgz 644
109 verbose chown /home/caleb/.npm/text/2.0.14/package.tgz [ 1000, 1000 ]
110 silly lockFile a4388600-it-github-com-requirejs-text-git git://github.com/requirejs/text.git
111 silly lockFile a4388600-it-github-com-requirejs-text-git git://github.com/requirejs/text.git
112 info already installed text@2.0.14
113 silly resolved [ { name: 'crypto',
113 silly resolved     id: 'crypto',
113 silly resolved     version: '0.0.3',
113 silly resolved     description: 'JavaScript implementations of standard and secure cryptographic algorithms.',
113 silly resolved     keywords: [ 'crypto', 'md5', 'sha1' ],
113 silly resolved     author: { name: 'Irakli Gozalishvili', email: 'rfobic@gmail.com' },
113 silly resolved     repository:
113 silly resolved      { type: 'git',
113 silly resolved        url: 'git://github.com/Gozala/crypto.git',
113 silly resolved        web: 'https://github.com/Gozala/crypto' },
113 silly resolved     bugs: { url: 'http://github.com/Gozala/crypto/issues/' },
113 silly resolved     devDependencies: { test: '>=0.0.10' },
113 silly resolved     directories: { lib: './' },
113 silly resolved     scripts: { test: 'node test/test-crypto.js' },
113 silly resolved     licenses: [ [Object] ],
113 silly resolved     readme: '# crypto #\n\nJavaScript implementations of standard and secure cryptographic algorithms.\n\n## Install ##\n\n    npm install crypto\n\n',
113 silly resolved     readmeFilename: 'Readme.md',
113 silly resolved     _id: 'crypto@0.0.3',
113 silly resolved     _from: 'crypto@^0.0.3' } ]
114 info install crypto@0.0.3 into /home/caleb/Documents/taxi-analysis/cabbie_stats
115 info installOne crypto@0.0.3
116 info /home/caleb/Documents/taxi-analysis/cabbie_stats/node_modules/crypto unbuild
117 verbose tar unpack /home/caleb/.npm/crypto/0.0.3/package.tgz
118 silly lockFile 5d356c49-cabbie-stats-node-modules-crypto tar:///home/caleb/Documents/taxi-analysis/cabbie_stats/node_modules/crypto
119 verbose lock tar:///home/caleb/Documents/taxi-analysis/cabbie_stats/node_modules/crypto /home/caleb/.npm/5d356c49-cabbie-stats-node-modules-crypto.lock
120 silly lockFile 84ace432-leb-npm-crypto-0-0-3-package-tgz tar:///home/caleb/.npm/crypto/0.0.3/package.tgz
121 verbose lock tar:///home/caleb/.npm/crypto/0.0.3/package.tgz /home/caleb/.npm/84ace432-leb-npm-crypto-0-0-3-package-tgz.lock
122 silly gunzTarPerm modes [ '755', '644' ]
123 silly gunzTarPerm extractEntry package.json
124 silly gunzTarPerm extractEntry md5.js
125 silly gunzTarPerm extractEntry sha1.js
126 silly gunzTarPerm extractEntry .md5.js.un~
127 silly gunzTarPerm extractEntry .package.json.un~
128 silly gunzTarPerm extractEntry .sha1.js.un~
129 silly gunzTarPerm extractEntry History.md
130 silly gunzTarPerm extractEntry Readme.md
131 silly gunzTarPerm extractEntry test/test-crypto.js
132 silly lockFile 5d356c49-cabbie-stats-node-modules-crypto tar:///home/caleb/Documents/taxi-analysis/cabbie_stats/node_modules/crypto
133 silly lockFile 5d356c49-cabbie-stats-node-modules-crypto tar:///home/caleb/Documents/taxi-analysis/cabbie_stats/node_modules/crypto
134 silly lockFile 84ace432-leb-npm-crypto-0-0-3-package-tgz tar:///home/caleb/.npm/crypto/0.0.3/package.tgz
135 silly lockFile 84ace432-leb-npm-crypto-0-0-3-package-tgz tar:///home/caleb/.npm/crypto/0.0.3/package.tgz
136 info preinstall crypto@0.0.3
137 verbose readDependencies using package.json deps
138 verbose readDependencies using package.json deps
139 silly resolved []
140 verbose about to build /home/caleb/Documents/taxi-analysis/cabbie_stats/node_modules/crypto
141 info build /home/caleb/Documents/taxi-analysis/cabbie_stats/node_modules/crypto
142 verbose linkStuff [ false,
142 verbose linkStuff   false,
142 verbose linkStuff   false,
142 verbose linkStuff   '/home/caleb/Documents/taxi-analysis/cabbie_stats/node_modules' ]
143 info linkStuff crypto@0.0.3
144 verbose linkBins crypto@0.0.3
145 verbose linkMans crypto@0.0.3
146 verbose rebuildBundles crypto@0.0.3
147 info install crypto@0.0.3
148 info postinstall crypto@0.0.3
149 info build /home/caleb/Documents/taxi-analysis/cabbie_stats
150 verbose linkStuff [ false, false, false, '/home/caleb/Documents/taxi-analysis' ]
151 info linkStuff cabbie_stats@1.0.0
152 verbose linkBins cabbie_stats@1.0.0
153 verbose linkMans cabbie_stats@1.0.0
154 verbose rebuildBundles cabbie_stats@1.0.0
155 verbose rebuildBundles [ '.bin',
155 verbose rebuildBundles   'MD5',
155 verbose rebuildBundles   'bootstrap',
155 verbose rebuildBundles   'charenc',
155 verbose rebuildBundles   'coffee',
155 verbose rebuildBundles   'coffee-react',
155 verbose rebuildBundles   'coffee-script',
155 verbose rebuildBundles   'crypt',
155 verbose rebuildBundles   'crypto',
155 verbose rebuildBundles   'jquery',
155 verbose rebuildBundles   'npm-debug.log',
155 verbose rebuildBundles   'react',
155 verbose rebuildBundles   'require',
155 verbose rebuildBundles   'require-cs',
155 verbose rebuildBundles   'requirejs',
155 verbose rebuildBundles   'text' ]
156 verbose rebuild bundle /home/caleb/Documents/taxi-analysis/cabbie_stats/node_modules/MD5
157 info build /home/caleb/Documents/taxi-analysis/cabbie_stats/node_modules/MD5
158 info preinstall MD5@1.2.1
159 verbose linkStuff [ false,
159 verbose linkStuff   false,
159 verbose linkStuff   false,
159 verbose linkStuff   '/home/caleb/Documents/taxi-analysis/cabbie_stats/node_modules' ]
160 info linkStuff MD5@1.2.1
161 verbose linkBins MD5@1.2.1
162 verbose linkMans MD5@1.2.1
163 verbose rebuildBundles MD5@1.2.1
164 verbose rebuildBundles [ 'charenc', 'crypt' ]
165 info install MD5@1.2.1
166 info postinstall MD5@1.2.1
167 verbose rebuild bundle /home/caleb/Documents/taxi-analysis/cabbie_stats/node_modules/charenc
168 info build /home/caleb/Documents/taxi-analysis/cabbie_stats/node_modules/charenc
169 info preinstall charenc@0.0.1
170 verbose linkStuff [ false,
170 verbose linkStuff   false,
170 verbose linkStuff   false,
170 verbose linkStuff   '/home/caleb/Documents/taxi-analysis/cabbie_stats/node_modules' ]
171 info linkStuff charenc@0.0.1
172 verbose linkBins charenc@0.0.1
173 verbose linkMans charenc@0.0.1
174 verbose rebuildBundles charenc@0.0.1
175 info install charenc@0.0.1
176 info postinstall charenc@0.0.1
177 verbose rebuild bundle /home/caleb/Documents/taxi-analysis/cabbie_stats/node_modules/coffee-script
178 info build /home/caleb/Documents/taxi-analysis/cabbie_stats/node_modules/coffee-script
179 info preinstall coffee-script@1.9.2
180 verbose linkStuff [ false,
180 verbose linkStuff   false,
180 verbose linkStuff   false,
180 verbose linkStuff   '/home/caleb/Documents/taxi-analysis/cabbie_stats/node_modules' ]
181 info linkStuff coffee-script@1.9.2
182 warn prefer global coffee-script@1.9.2 should be installed with -g
183 verbose linkBins coffee-script@1.9.2
184 verbose link bins [ { coffee: './bin/coffee', cake: './bin/cake' },
184 verbose link bins   '/home/caleb/Documents/taxi-analysis/cabbie_stats/node_modules/.bin',
184 verbose link bins   false ]
185 verbose linkMans coffee-script@1.9.2
186 verbose rebuildBundles coffee-script@1.9.2
187 error Error: EACCES, unlink '/home/caleb/Documents/taxi-analysis/cabbie_stats/node_modules/.bin/coffee'
187 error  { [Error: EACCES, unlink '/home/caleb/Documents/taxi-analysis/cabbie_stats/node_modules/.bin/coffee']
187 error   errno: 3,
187 error   code: 'EACCES',
187 error   path: '/home/caleb/Documents/taxi-analysis/cabbie_stats/node_modules/.bin/coffee' }
188 error Please try running this command again as root/Administrator.
189 error System Linux 3.18.7-200.fc21.x86_64
190 error command "node" "/usr/bin/npm" "install"
191 error cwd /home/caleb/Documents/taxi-analysis/cabbie_stats
192 error node -v v0.10.33
193 error npm -v 1.3.6
194 error path /home/caleb/Documents/taxi-analysis/cabbie_stats/node_modules/.bin/coffee
195 error code EACCES
196 error errno 3
197 error stack Error: EACCES, unlink '/home/caleb/Documents/taxi-analysis/cabbie_stats/node_modules/.bin/coffee'
198 verbose exit [ 3, true ]
